#-----------------------------------------------------------
# Vivado v2018.3 (64-bit)
# SW Build 2405991 on Thu Dec  6 23:38:27 MST 2018
# IP Build 2404404 on Fri Dec  7 01:43:56 MST 2018
# Start of session at: Tue Oct 21 19:58:42 2025
# Process ID: 24124
# Current directory: C:/Users/zhou/Desktop/FPGA激光雕刻机/jiguang1
# Command line: vivado.exe -gui_launcher_event rodinguilauncherevent35996 C:\Users\zhou\Desktop\FPGA激光雕刻机\jiguang1\jiguang1.xpr
# Log file: C:/Users/zhou/Desktop/FPGA激光雕刻机/jiguang1/vivado.log
# Journal file: C:/Users/zhou/Desktop/FPGA激光雕刻机/jiguang1\vivado.jou
#-----------------------------------------------------------
start_gui
open_project C:/Users/zhou/Desktop/FPGA激光雕刻机/jiguang1/jiguang1.xpr
Scanning sources...
Finished scanning sources
INFO: [IP_Flow 19-234] Refreshing IP repositories
INFO: [IP_Flow 19-1704] No user IP repositories specified
INFO: [IP_Flow 19-2313] Loaded Vivado IP repository 'E:/Xilinx/Vivado/2018.3/data/ip'.
open_project: Time (s): cpu = 00:00:18 ; elapsed = 00:00:08 . Memory (MB): peak = 827.203 ; gain = 220.746
update_compile_order -fileset sources_1
update_compile_order -fileset sources_1
reset_run synth_1
launch_runs synth_1 -jobs 20
[Tue Oct 21 20:03:56 2025] Launched synth_1...
Run output will be captured here: C:/Users/zhou/Desktop/FPGA激光雕刻机/jiguang1/jiguang1.runs/synth_1/runme.log
reset_run synth_1
launch_runs synth_1 -jobs 20
[Wed Oct 22 00:27:44 2025] Launched synth_1...
Run output will be captured here: C:/Users/zhou/Desktop/FPGA激光雕刻机/jiguang1/jiguang1.runs/synth_1/runme.log
update_compile_order -fileset sources_1
reset_run synth_1
launch_runs synth_1 -jobs 20
[Wed Oct 22 00:39:43 2025] Launched synth_1...
Run output will be captured here: C:/Users/zhou/Desktop/FPGA激光雕刻机/jiguang1/jiguang1.runs/synth_1/runme.log
reset_run synth_1
launch_runs synth_1 -jobs 20
[Wed Oct 22 00:42:06 2025] Launched synth_1...
Run output will be captured here: C:/Users/zhou/Desktop/FPGA激光雕刻机/jiguang1/jiguang1.runs/synth_1/runme.log
reset_run synth_1
launch_runs synth_1 -jobs 20
[Wed Oct 22 00:45:08 2025] Launched synth_1...
Run output will be captured here: C:/Users/zhou/Desktop/FPGA激光雕刻机/jiguang1/jiguang1.runs/synth_1/runme.log
exit
INFO: [Common 17-206] Exiting Vivado at Wed Oct 22 00:59:39 2025...
