#-----------------------------------------------------------
# Vivado v2018.3 (64-bit)
# SW Build 2405991 on Thu Dec  6 23:38:27 MST 2018
# IP Build 2404404 on Fri Dec  7 01:43:56 MST 2018
# Start of session at: Wed Oct 22 15:37:44 2025
# Process ID: 11300
# Current directory: C:/Users/zhou/Desktop/jiguang1
# Command line: vivado.exe -gui_launcher_event rodinguilauncherevent46044 C:\Users\zhou\Desktop\jiguang1\jiguang1.xpr
# Log file: C:/Users/zhou/Desktop/jiguang1/vivado.log
# Journal file: C:/Users/zhou/Desktop/jiguang1\vivado.jou
#-----------------------------------------------------------
start_guioopen_project C:/Users/zhou/Desktop/jiguang1/jiguang1.xprSScanning sources...FFinished scanning sourcesINFO: [IP_Flow 19-234] Refreshing IP repositories
INFO: [IP_Flow 19-1704] No user IP repositories specified
IINFO: [IP_Flow 19-2313] Loaded Vivado IP repository 'E:/Xilinx/Vivado/2018.3/data/ip'.oopen_project: Time (s): cpu = 00:00:47 ; elapsed = 00:00:30 . Memory (MB): peak = 778.531 ; gain = 177.941uupdate_compile_order -fileset sources_1eopen_hw
connect_hw_server
INFO: [Labtools 27-2285] Connecting to hw_server url TCP:localhost:3121
INFO: [Labtools 27-2222] Launching hw_server...
INFO: [Labtools 27-2221] Launch Output:

****** Xilinx hw_server v2018.3
  **** Build date : Dec  7 2018-00:40:27
    ** Copyright 1986-2018 Xilinx, Inc. All Rights Reserved.


connect_hw_server: Time (s): cpu = 00:00:02 ; elapsed = 00:00:06 . Memory (MB): peak = 823.574 ; gain = 0.000
open_hw_target
INFO: [Labtoolstcl 44-466] Opening hw_target localhost:3121/xilinx_tcf/Digilent/C305AC7BABCD
open_hw_target: Time (s): cpu = 00:00:08 ; elapsed = 00:00:13 . Memory (MB): peak = 1733.328 ; gain = 909.754
set_property PROGRAM.FILE {C:/Users/zhou/Desktop/jiguang1/jiguang1.runs/impl_1/main.bit} [get_hw_devices xc7z020_1]
current_hw_device [get_hw_devices xc7z020_1]
refresh_hw_device -update_hw_probes false [lindex [get_hw_devices xc7z020_1] 0]
INFO: [Labtools 27-1435] Device xc7z020 (JTAG device index = 1) is not programmed (DONE status = 0).
set_property PROBES.FILE {} [get_hw_devices xc7z020_1]
set_property FULL_PROBES.FILE {} [get_hw_devices xc7z020_1]
set_property PROGRAM.FILE {C:/Users/zhou/Desktop/jiguang1/jiguang1.runs/impl_1/main.bit} [get_hw_devices xc7z020_1]
program_hw_devices [get_hw_devices xc7z020_1]
INFO: [Labtools 27-3164] End of startup status: HIGH
refresh_hw_device [lindex [get_hw_devices xc7z020_1] 0]
INFO: [Labtools 27-1434] Device xc7z020 (JTAG device index = 1) is programmed with a design that has no supported debug core(s) in it.
ERROR: [Labtoolstcl 44-513] HW Target shutdown. Closing target: localhost:3121/xilinx_tcf/Digilent/C305AC7BABCD
exit
INFO: [Common 17-206] Exiting Vivado at Wed Oct 22 15:50:15 2025...
